<?xml version="1.0" encoding="UTF-8"?>
<!-- Generated by org.testng.reporters.JUnitReportReporter -->
<testsuite name="org.run.RunnerClass" tests="1" time="20.000" ignored="0" failures="0" timestamp="31 May 2022 11:54:27 GMT" skipped="0" hostname="DESKTOP-3JTPO5E" errors="0">
  <testcase name="runScenario" time="20.000" classname="org.run.RunnerClass"/>
</testsuite> <!-- org.run.RunnerClass -->
